<?xml version="1.0" encoding="UTF-8"?>
<!-- Generated by org.testng.reporters.JUnitXMLReporter -->
<testsuite ignored="0" hostname="LAPTOP-RI7JP09I" failures="1" tests="1" name="Test" time="23.805" errors="0" timestamp="10 Aug 2022 16:51:11 GMT">
  <testcase classname="script.ValidSignUp" name="testValidSignUp" time="14.449">
    <failure type="java.lang.AssertionError" message="Test is Failed: Recheck the entered details on sign up page again">
      <![CDATA[java.lang.AssertionError: Test is Failed: Recheck the entered details on sign up page again
at script.ValidSignUp.testValidSignUp(ValidSignUp.java:56)
... Removed 26 stack frames]]>
    </failure>
  </testcase> <!-- testValidSignUp -->
</testsuite> <!-- Test -->
